[debug] [2022-10-04T17:44:43.770Z] ----------------------------------------------------------------------
[debug] [2022-10-04T17:44:43.772Z] Command:       C:\Program Files\nodejs\node.exe C:\Users\rahib\AppData\Roaming\npm\node_modules\firebase-tools\lib\bin\firebase.js deploy
[debug] [2022-10-04T17:44:43.773Z] CLI Version:   11.6.0
[debug] [2022-10-04T17:44:43.773Z] Platform:      win32
[debug] [2022-10-04T17:44:43.773Z] Node Version:  v16.16.0
[debug] [2022-10-04T17:44:43.777Z] Time:          Tue Oct 04 2022 23:44:43 GMT+0600 (Bangladesh Standard Time)
[debug] [2022-10-04T17:44:43.778Z] ----------------------------------------------------------------------
[debug] 
[debug] [2022-10-04T17:44:43.782Z] >>> [apiv2][query] GET https://firebase-public.firebaseio.com/cli.json [none]
[debug] [2022-10-04T17:44:43.893Z] > command requires scopes: ["email","openid","https://www.googleapis.com/auth/cloudplatformprojects.readonly","https://www.googleapis.com/auth/firebase","https://www.googleapis.com/auth/cloud-platform"]
[debug] [2022-10-04T17:44:43.894Z] > authorizing via signed-in user (rahibrashid002@gmail.com)
[debug] [2022-10-04T17:44:43.894Z] [iam] checking project project86421 for permissions ["firebase.projects.get","firebasehosting.sites.update"]
[debug] [2022-10-04T17:44:43.895Z] > refreshing access token with scopes: []
[debug] [2022-10-04T17:44:43.896Z] >>> [apiv2][query] POST https://www.googleapis.com/oauth2/v3/token [none]
[debug] [2022-10-04T17:44:43.897Z] >>> [apiv2][body] POST https://www.googleapis.com/oauth2/v3/token [omitted]
[debug] [2022-10-04T17:44:44.203Z] <<< [apiv2][status] POST https://www.googleapis.com/oauth2/v3/token 200
[debug] [2022-10-04T17:44:44.203Z] <<< [apiv2][body] POST https://www.googleapis.com/oauth2/v3/token [omitted]
[debug] [2022-10-04T17:44:44.213Z] >>> [apiv2][query] POST https://cloudresourcemanager.googleapis.com/v1/projects/project86421:testIamPermissions [none]
[debug] [2022-10-04T17:44:44.214Z] >>> [apiv2][(partial)header] POST https://cloudresourcemanager.googleapis.com/v1/projects/project86421:testIamPermissions x-goog-quota-user=projects/project86421
[debug] [2022-10-04T17:44:44.214Z] >>> [apiv2][body] POST https://cloudresourcemanager.googleapis.com/v1/projects/project86421:testIamPermissions {"permissions":["firebase.projects.get","firebasehosting.sites.update"]}
[debug] [2022-10-04T17:44:44.520Z] <<< [apiv2][status] GET https://firebase-public.firebaseio.com/cli.json 200
[debug] [2022-10-04T17:44:44.520Z] <<< [apiv2][body] GET https://firebase-public.firebaseio.com/cli.json {"cloudBuildErrorAfter":1594252800000,"cloudBuildWarnAfter":1590019200000,"defaultNode10After":1594252800000,"minVersion":"3.0.5","node8DeploysDisabledAfter":1613390400000,"node8RuntimeDisabledAfter":1615809600000,"node8WarnAfter":1600128000000}
[debug] [2022-10-04T17:44:45.766Z] <<< [apiv2][status] POST https://cloudresourcemanager.googleapis.com/v1/projects/project86421:testIamPermissions 200
[debug] [2022-10-04T17:44:45.766Z] <<< [apiv2][body] POST https://cloudresourcemanager.googleapis.com/v1/projects/project86421:testIamPermissions {}
[debug] [2022-10-04T17:44:45.766Z] [iam] error while checking permissions, command may fail: FirebaseError: Authorization failed. This account is missing the following required permissions on project project86421:

  firebase.projects.get
  firebasehosting.sites.update
[debug] [2022-10-04T17:44:45.768Z] >>> [apiv2][query] GET https://firebase.googleapis.com/v1beta1/projects/project86421 [none]
[debug] [2022-10-04T17:44:46.721Z] <<< [apiv2][status] GET https://firebase.googleapis.com/v1beta1/projects/project86421 403
[debug] [2022-10-04T17:44:46.721Z] <<< [apiv2][body] GET https://firebase.googleapis.com/v1beta1/projects/project86421 {"error":{"code":403,"message":"The caller does not have permission","status":"PERMISSION_DENIED"}}
[debug] [2022-10-04T17:44:46.725Z] HTTP Error: 403, The caller does not have permission
[debug] [2022-10-04T17:44:46.995Z] FirebaseError: HTTP Error: 403, The caller does not have permission
    at responseToError (C:\Users\rahib\AppData\Roaming\npm\node_modules\firebase-tools\lib\responseToError.js:49:12)
    at RetryOperation._fn (C:\Users\rahib\AppData\Roaming\npm\node_modules\firebase-tools\lib\apiv2.js:288:77)
    at processTicksAndRejections (node:internal/process/task_queues:96:5)
[error] 
[error] Error: Failed to get Firebase project project86421. Please make sure the project exists and your account has permission to access it.
